#
# A fatal error has been detected by the Java Runtime Environment:
#
#  EXCEPTION_ACCESS_VIOLATION (0xc0000005) at pc=0x00007ff9c51c7a29, pid=9876, tid=23944
#
# JRE version: Java(TM) SE Runtime Environment (11.0.4+10) (build 11.0.4+10-LTS)
# Java VM: Java HotSpot(TM) 64-Bit Server VM (11.0.4+10-LTS, mixed mode, tiered, compressed oops, g1 gc, windows-amd64)
# Problematic frame:
# V  [jvm.dll+0x6c7a29]
#
# No core dump will be written. Minidumps are not enabled by default on client versions of Windows
#
# If you would like to submit a bug report, please visit:
#   http://bugreport.java.com/bugreport/crash.jsp
#

---------------  S U M M A R Y ------------

Command Line: -Dcom.sun.management.jmxremote -Dcom.sun.management.jmxremote.port=58564 -Dcom.sun.management.jmxremote.authenticate=false -Dcom.sun.management.jmxremote.ssl=false -Djava.rmi.server.hostname=localhost -Dspring.jmx.enabled=true -Dspring.application.admin.enabled=true -Xverify:none -XX:TieredStopAtLevel=1 -Dspring.boot.project.name=vacationapi -Dfile.encoding=UTF-8 com.esd.vacationapi.VacationapiApplication --spring.output.ansi.enabled=always

Host: Intel(R) Core(TM) i7-8750H CPU @ 2.20GHz, 12 cores, 15G,  Windows 10 , 64 bit Build 18362 (10.0.18362.329)
Time: Mon Nov 25 00:50:28 2019 Hora oficial do Brasil elapsed time: 0 seconds (0d 0h 0m 0s)

---------------  T H R E A D  ---------------

Current thread (0x0000024dd5cf4000):  WatcherThread [stack: 0x000000e3c7400000,0x000000e3c7500000] [id=23944]

Stack: [0x000000e3c7400000,0x000000e3c7500000],  sp=0x000000e3c74ff610,  free space=1021k
Native frames: (J=compiled Java code, j=interpreted, Vv=VM code, C=native code)
V  [VERSION.dll+0x6c7a29]
V  [win32u.dll+0x71321d]
V  [jvm.dll+0x738bd9]
V  [jvm.dll+0x634c82]
C  [ucrtbase.dll+0x20e72]
C  [KERNEL32.DLL+0x17bd4]
C  [ntdll.dll+0x6ced1]


siginfo: EXCEPTION_ACCESS_VIOLATION (0xc0000005), reading address 0x0000024d0000000f


Register to memory mapping:

RIP=0x00007ff9c51c7a29 jvm.dll
RAX=0x0000024dd5adef20 points into unknown readable memory: 0f 00 00 00 4d 02 00 00
RBX=0x0 is NULL
RCX=0x0000024d0000000f is an unknown value
RDX=0x0000000000000032 is an unknown value
RSP=0x000000e3c74ff610 points into unknown readable memory: 00 40 cf d5 4d 02 00 00
RBP=0x0000000000000002 is an unknown value
RSI=0x0000024dd5adf070 points into unknown readable memory: 70 5d ac d5 4d 02 00 00
RDI=0x0 is NULL
R8 =0x0 is NULL
R9 =0x0000024db8890b80 is at begin+0 in a stub
StubRoutines::atomic_cmpxchg_long [0x0000024db8890b80, 0x0000024db8890b89[ (9 bytes)
R10=0x0000000000000001 is an unknown value
R11=0xfffffffff37aeb3a is an unknown value
R12=0x0 is NULL
R13=0x0000024dd5cf4000 points into unknown readable memory: 58 7c 3d c5 f9 7f 00 00
R14=0x0000000000000032 is an unknown value
R15=0x0000024dd59fa3a0 points into unknown readable memory: 00 00 00 00 00 00 00 00


Registers:
RAX=0x0000024dd5adef20, RBX=0x0000000000000000, RCX=0x0000024d0000000f, RDX=0x0000000000000032
RSP=0x000000e3c74ff610, RBP=0x0000000000000002, RSI=0x0000024dd5adf070, RDI=0x0000000000000000
R8 =0x0000000000000000, R9 =0x0000024db8890b80, R10=0x0000000000000001, R11=0xfffffffff37aeb3a
R12=0x0000000000000000, R13=0x0000024dd5cf4000, R14=0x0000000000000032, R15=0x0000024dd59fa3a0
RIP=0x00007ff9c51c7a29, EFLAGS=0x0000000000010202

Top of Stack: (sp=0x000000e3c74ff610)
0x000000e3c74ff610:   0000024dd5cf4000 0000024dd5cf4000
0x000000e3c74ff620:   00000a32fee8f6f8 00007ff9c51087c9
0x000000e3c74ff630:   00007ff9c5573798 00007ff9c521321d
0x000000e3c74ff640:   0000000000000001 0000024db055ba60
0x000000e3c74ff650:   0000024db055ba60 431bde82d7b634db
0x000000e3c74ff660:   0000024dd59fa3a0 00000a32fee8f6f8
0x000000e3c74ff670:   0000024db055ba60 00007ff9c5238bd9
0x000000e3c74ff680:   0000000000000001 0000000000000032
0x000000e3c74ff690:   0000000000000032 0000000000000002
0x000000e3c74ff6a0:   0000000000000000 00007ffa45a4ceb0
0x000000e3c74ff6b0:   000000000000027f 0000000000000000
0x000000e3c74ff6c0:   0000000000000000 0000ffff00001f80
0x000000e3c74ff6d0:   0000000000000000 0000000000000000
0x000000e3c74ff6e0:   0000000000000000 0000000000000000
0x000000e3c74ff6f0:   0000000000000000 000000e3c74ff9b0
0x000000e3c74ff700:   0000024dd5cf4000 00007ff9c5134c82 

Instructions: (pc=0x00007ff9c51c7a29)
0x00007ff9c51c7a09:   20 48 8b 35 47 6c 3a 00 33 db 48 8b 06 39 18 7e
0x00007ff9c51c7a19:   27 48 89 7c 24 30 8b fb 48 8b 40 18 48 8b 0c 07
0x00007ff9c51c7a29:   48 8b 01 ff 50 08 48 8b 06 48 8d 7f 08 ff c3 3b
0x00007ff9c51c7a39:   18 7c e5 48 8b 7c 24 30 48 8b 5c 24 38 48 83 c4 


Stack slot to memory mapping:
stack at sp + 0 slots: 0x0000024dd5cf4000 points into unknown readable memory: 58 7c 3d c5 f9 7f 00 00
stack at sp + 1 slots: 0x0000024dd5cf4000 points into unknown readable memory: 58 7c 3d c5 f9 7f 00 00
stack at sp + 2 slots: 0x00000a32fee8f6f8 is an unknown value
stack at sp + 3 slots: 0x00007ff9c51087c9 jvm.dll
stack at sp + 4 slots: 0x00007ff9c5573798 jvm.dll
stack at sp + 5 slots: 0x00007ff9c521321d jvm.dll
stack at sp + 6 slots: 0x0000000000000001 is an unknown value
stack at sp + 7 slots: 0x0000024db055ba60 points into unknown readable memory: 01 00 00 00 00 00 00 00


---------------  P R O C E S S  ---------------

Threads class SMR info:
_java_thread_list=0x0000024dd6024ae0, length=24, elements={
0x0000024db055e800, 0x0000024dd41ed000, 0x0000024dd4a9f000, 0x0000024dd4aec800,
0x0000024dd4aef800, 0x0000024dd4af0800, 0x0000024dd4afd800, 0x0000024dd41a4800,
0x0000024dd4cbb000, 0x0000024dd4cbc000, 0x0000024dd4cc0800, 0x0000024dd4d30800,
0x0000024dd5ad5800, 0x0000024dd5adb000, 0x0000024dd5cf2800, 0x0000024dd5dc3000,
0x0000024dd5ddc000, 0x0000024dd5ed9000, 0x0000024dd5edf800, 0x0000024dd5edc000,
0x0000024dd5edd000, 0x0000024dd5ede800, 0x0000024dd5edb000, 0x0000024dd5ed9800
}

Java Threads: ( => current thread )
  0x0000024db055e800 JavaThread "main" [_thread_blocked, id=19324, stack(0x000000e3c5a00000,0x000000e3c5b00000)]
  0x0000024dd41ed000 JavaThread "Reference Handler" daemon [_thread_blocked, id=17568, stack(0x000000e3c6100000,0x000000e3c6200000)]
  0x0000024dd4a9f000 JavaThread "Finalizer" daemon [_thread_blocked, id=23200, stack(0x000000e3c6200000,0x000000e3c6300000)]
  0x0000024dd4aec800 JavaThread "Signal Dispatcher" daemon [_thread_blocked, id=4376, stack(0x000000e3c6300000,0x000000e3c6400000)]
  0x0000024dd4aef800 JavaThread "Attach Listener" daemon [_thread_blocked, id=21780, stack(0x000000e3c6400000,0x000000e3c6500000)]
  0x0000024dd4af0800 JavaThread "C1 CompilerThread0" daemon [_thread_blocked, id=11128, stack(0x000000e3c6500000,0x000000e3c6600000)]
  0x0000024dd4afd800 JavaThread "Sweeper thread" daemon [_thread_blocked, id=2368, stack(0x000000e3c6600000,0x000000e3c6700000)]
  0x0000024dd41a4800 JavaThread "Common-Cleaner" daemon [_thread_blocked, id=13832, stack(0x000000e3c6700000,0x000000e3c6800000)]
  0x0000024dd4cbb000 JavaThread "C1 CompilerThread1" daemon [_thread_blocked, id=18732, stack(0x000000e3c6800000,0x000000e3c6900000)]
  0x0000024dd4cbc000 JavaThread "C1 CompilerThread2" daemon [_thread_blocked, id=12124, stack(0x000000e3c6900000,0x000000e3c6a00000)]
  0x0000024dd4cc0800 JavaThread "C1 CompilerThread3" daemon [_thread_blocked, id=19332, stack(0x000000e3c6a00000,0x000000e3c6b00000)]
  0x0000024dd4d30800 JavaThread "Service Thread" daemon [_thread_blocked, id=23284, stack(0x000000e3c6b00000,0x000000e3c6c00000)]
  0x0000024dd5ad5800 JavaThread "RMI TCP Accept-0" daemon [_thread_in_native, id=10324, stack(0x000000e3c6c00000,0x000000e3c6d00000)]
  0x0000024dd5adb000 JavaThread "RMI TCP Accept-58564" daemon [_thread_in_native, id=672, stack(0x000000e3c6d00000,0x000000e3c6e00000)]
  0x0000024dd5cf2800 JavaThread "RMI TCP Accept-0" daemon [_thread_in_native, id=15548, stack(0x000000e3c7300000,0x000000e3c7400000)]
  0x0000024dd5dc3000 JavaThread "RMI TCP Connection(1)-127.0.0.1" daemon [_thread_in_native, id=23560, stack(0x000000e3c7500000,0x000000e3c7600000)]
  0x0000024dd5ddc000 JavaThread "RMI Scheduler(0)" daemon [_thread_blocked, id=1828, stack(0x000000e3c7600000,0x000000e3c7700000)]
  0x0000024dd5ed9000 JavaThread "RMI TCP Connection(2)-127.0.0.1" daemon [_thread_in_native, id=11688, stack(0x000000e3c7700000,0x000000e3c7800000)]
  0x0000024dd5edf800 JavaThread "RMI TCP Connection(3)-127.0.0.1" daemon [_thread_in_native, id=7620, stack(0x000000e3c7800000,0x000000e3c7900000)]
  0x0000024dd5edc000 JavaThread "JMX server connection timeout 22" daemon [_thread_blocked, id=9440, stack(0x000000e3c7900000,0x000000e3c7a00000)]
  0x0000024dd5edd000 JavaThread "JMX server connection timeout 21" daemon [_thread_blocked, id=19796, stack(0x000000e3c7a00000,0x000000e3c7b00000)]
  0x0000024dd5ede800 JavaThread "Thread-0" [_thread_blocked, id=17732, stack(0x000000e3c7b00000,0x000000e3c7c00000)]
  0x0000024dd5edb000 JavaThread "restartedMain" [_thread_in_Java, id=17604, stack(0x000000e3c7c00000,0x000000e3c7d00000)]
  0x0000024dd5ed9800 JavaThread "background-preinit" [_thread_in_Java, id=23908, stack(0x000000e3c7d00000,0x000000e3c7e00000)]

Other Threads:
  0x0000024dd41e9800 VMThread "VM Thread" [stack: 0x000000e3c6000000,0x000000e3c6100000] [id=16892]
=>0x0000024dd5cf4000 WatcherThread [stack: 0x000000e3c7400000,0x000000e3c7500000] [id=23944]
  0x0000024db0576800 GCTaskThread "GC Thread#0" [stack: 0x000000e3c5b00000,0x000000e3c5c00000] [id=9976]
  0x0000024dd5afd000 GCTaskThread "GC Thread#1" [stack: 0x000000e3c6e00000,0x000000e3c6f00000] [id=19044]
  0x0000024dd5afe000 GCTaskThread "GC Thread#2" [stack: 0x000000e3c6f00000,0x000000e3c7000000] [id=18076]
  0x0000024dd5afe800 GCTaskThread "GC Thread#3" [stack: 0x000000e3c7000000,0x000000e3c7100000] [id=11620]
  0x0000024dd5aff800 GCTaskThread "GC Thread#4" [stack: 0x000000e3c7100000,0x000000e3c7200000] [id=14188]
  0x0000024dd5b00000 GCTaskThread "GC Thread#5" [stack: 0x000000e3c7200000,0x000000e3c7300000] [id=6252]
  0x0000024db05d4800 ConcurrentGCThread "G1 Main Marker" [stack: 0x000000e3c5c00000,0x000000e3c5d00000] [id=19680]
  0x0000024db05d6000 ConcurrentGCThread "G1 Conc#0" [stack: 0x000000e3c5d00000,0x000000e3c5e00000] [id=9100]
  0x0000024dd40cb800 ConcurrentGCThread "G1 Refine#0" [stack: 0x000000e3c5e00000,0x000000e3c5f00000] [id=3104]
  0x0000024dd40cd000 ConcurrentGCThread "G1 Young RemSet Sampling" [stack: 0x000000e3c5f00000,0x000000e3c6000000] [id=22236]

Threads with active compile tasks:

VM state:not at safepoint (normal execution)

VM Mutex/Monitor currently owned by a thread:  ([mutex/lock_event])
[0x0000024db055ba60] PeriodicTask_lock - owner thread: 0x0000024dd5cf4000

Heap address: 0x0000000703200000, size: 4046 MB, Compressed Oops mode: Zero based, Oop shift amount: 3
Narrow klass base: 0x0000000800000000, Narrow klass shift: 0
Compressed class space size: 1073741824 Address: 0x0000000800000000

Heap:
 garbage-first heap   total 260096K, used 60403K [0x0000000703200000, 0x0000000800000000)
  region size 1024K, 46 young (47104K), 3 survivors (3072K)
 Metaspace       used 20000K, capacity 20664K, committed 20864K, reserved 1067008K
  class space    used 2325K, capacity 2594K, committed 2688K, reserved 1048576K
Heap Regions: E=young(eden), S=young(survivor), O=old, HS=humongous(starts), HC=humongous(continues), CS=collection set, F=free, A=archive, TAMS=top-at-mark-start (previous, next)
|   0|0x0000000703200000, 0x0000000703300000, 0x0000000703300000|100%|HS|  |TAMS 0x0000000703200000, 0x0000000703200000| Complete 
|   1|0x0000000703300000, 0x0000000703400000, 0x0000000703400000|100%| O|  |TAMS 0x0000000703300000, 0x0000000703300000| Untracked 
|   2|0x0000000703400000, 0x0000000703500000, 0x0000000703500000|100%| O|  |TAMS 0x0000000703400000, 0x0000000703400000| Untracked 
|   3|0x0000000703500000, 0x0000000703600000, 0x0000000703600000|100%| O|  |TAMS 0x0000000703500000, 0x0000000703500000| Untracked 
|   4|0x0000000703600000, 0x0000000703700000, 0x0000000703700000|100%| O|  |TAMS 0x0000000703600000, 0x0000000703600000| Untracked 
|   5|0x0000000703700000, 0x0000000703800000, 0x0000000703800000|100%| O|  |TAMS 0x0000000703700000, 0x0000000703700000| Untracked 
|   6|0x0000000703800000, 0x0000000703900000, 0x0000000703900000|100%| O|  |TAMS 0x0000000703800000, 0x0000000703800000| Untracked 
|   7|0x0000000703900000, 0x0000000703a00000, 0x0000000703a00000|100%| O|  |TAMS 0x0000000703900000, 0x0000000703900000| Untracked 
|   8|0x0000000703a00000, 0x0000000703b00000, 0x0000000703b00000|100%| O|  |TAMS 0x0000000703a00000, 0x0000000703a00000| Untracked 
|   9|0x0000000703b00000, 0x0000000703c00000, 0x0000000703c00000|100%| O|  |TAMS 0x0000000703b00000, 0x0000000703b00000| Untracked 
|  10|0x0000000703c00000, 0x0000000703d00000, 0x0000000703d00000|100%| O|  |TAMS 0x0000000703c00000, 0x0000000703c00000| Untracked 
|  11|0x0000000703d00000, 0x0000000703e00000, 0x0000000703e00000|100%| O|  |TAMS 0x0000000703d00000, 0x0000000703d00000| Untracked 
|  12|0x0000000703e00000, 0x0000000703f00000, 0x0000000703f00000|100%| O|  |TAMS 0x0000000703e00000, 0x0000000703e00000| Untracked 
|  13|0x0000000703f00000, 0x0000000704000000, 0x0000000704000000|100%| O|  |TAMS 0x0000000703f00000, 0x0000000703f00000| Untracked 
|  14|0x0000000704000000, 0x0000000704100000, 0x0000000704100000|100%| O|  |TAMS 0x0000000704000000, 0x0000000704000000| Untracked 
|  15|0x0000000704100000, 0x00000007041c2000, 0x0000000704200000| 75%| O|  |TAMS 0x0000000704100000, 0x0000000704100000| Untracked 
|  16|0x0000000704200000, 0x0000000704200000, 0x0000000704300000|  0%| F|  |TAMS 0x0000000704200000, 0x0000000704200000| Untracked 
|  17|0x0000000704300000, 0x0000000704300000, 0x0000000704400000|  0%| F|  |TAMS 0x0000000704300000, 0x0000000704300000| Untracked 
|  18|0x0000000704400000, 0x0000000704400000, 0x0000000704500000|  0%| F|  |TAMS 0x0000000704400000, 0x0000000704400000| Untracked 
|  19|0x0000000704500000, 0x0000000704500000, 0x0000000704600000|  0%| F|  |TAMS 0x0000000704500000, 0x0000000704500000| Untracked 
|  20|0x0000000704600000, 0x0000000704600000, 0x0000000704700000|  0%| F|  |TAMS 0x0000000704600000, 0x0000000704600000| Untracked 
|  21|0x0000000704700000, 0x0000000704700000, 0x0000000704800000|  0%| F|  |TAMS 0x0000000704700000, 0x0000000704700000| Untracked 
|  22|0x0000000704800000, 0x0000000704800000, 0x0000000704900000|  0%| F|  |TAMS 0x0000000704800000, 0x0000000704800000| Untracked 
|  23|0x0000000704900000, 0x0000000704900000, 0x0000000704a00000|  0%| F|  |TAMS 0x0000000704900000, 0x0000000704900000| Untracked 
|  24|0x0000000704a00000, 0x0000000704a00000, 0x0000000704b00000|  0%| F|  |TAMS 0x0000000704a00000, 0x0000000704a00000| Untracked 
|  25|0x0000000704b00000, 0x0000000704b00000, 0x0000000704c00000|  0%| F|  |TAMS 0x0000000704b00000, 0x0000000704b00000| Untracked 
|  26|0x0000000704c00000, 0x0000000704c00000, 0x0000000704d00000|  0%| F|  |TAMS 0x0000000704c00000, 0x0000000704c00000| Untracked 
|  27|0x0000000704d00000, 0x0000000704d00000, 0x0000000704e00000|  0%| F|  |TAMS 0x0000000704d00000, 0x0000000704d00000| Untracked 
|  28|0x0000000704e00000, 0x0000000704e00000, 0x0000000704f00000|  0%| F|  |TAMS 0x0000000704e00000, 0x0000000704e00000| Untracked 
|  29|0x0000000704f00000, 0x0000000704f00000, 0x0000000705000000|  0%| F|  |TAMS 0x0000000704f00000, 0x0000000704f00000| Untracked 
|  30|0x0000000705000000, 0x0000000705000000, 0x0000000705100000|  0%| F|  |TAMS 0x0000000705000000, 0x0000000705000000| Untracked 
|  31|0x0000000705100000, 0x0000000705100000, 0x0000000705200000|  0%| F|  |TAMS 0x0000000705100000, 0x0000000705100000| Untracked 
|  32|0x0000000705200000, 0x0000000705200000, 0x0000000705300000|  0%| F|  |TAMS 0x0000000705200000, 0x0000000705200000| Untracked 
|  33|0x0000000705300000, 0x0000000705300000, 0x0000000705400000|  0%| F|  |TAMS 0x0000000705300000, 0x0000000705300000| Untracked 
|  34|0x0000000705400000, 0x0000000705400000, 0x0000000705500000|  0%| F|  |TAMS 0x0000000705400000, 0x0000000705400000| Untracked 
|  35|0x0000000705500000, 0x0000000705500000, 0x0000000705600000|  0%| F|  |TAMS 0x0000000705500000, 0x0000000705500000| Untracked 
|  36|0x0000000705600000, 0x0000000705600000, 0x0000000705700000|  0%| F|  |TAMS 0x0000000705600000, 0x0000000705600000| Untracked 
|  37|0x0000000705700000, 0x0000000705700000, 0x0000000705800000|  0%| F|  |TAMS 0x0000000705700000, 0x0000000705700000| Untracked 
|  38|0x0000000705800000, 0x0000000705800000, 0x0000000705900000|  0%| F|  |TAMS 0x0000000705800000, 0x0000000705800000| Untracked 
|  39|0x0000000705900000, 0x0000000705900000, 0x0000000705a00000|  0%| F|  |TAMS 0x0000000705900000, 0x0000000705900000| Untracked 
|  40|0x0000000705a00000, 0x0000000705a00000, 0x0000000705b00000|  0%| F|  |TAMS 0x0000000705a00000, 0x0000000705a00000| Untracked 
|  41|0x0000000705b00000, 0x0000000705b00000, 0x0000000705c00000|  0%| F|  |TAMS 0x0000000705b00000, 0x0000000705b00000| Untracked 
|  42|0x0000000705c00000, 0x0000000705c00000, 0x0000000705d00000|  0%| F|  |TAMS 0x0000000705c00000, 0x0000000705c00000| Untracked 
|  43|0x0000000705d00000, 0x0000000705d00000, 0x0000000705e00000|  0%| F|  |TAMS 0x0000000705d00000, 0x0000000705d00000| Untracked 
|  44|0x0000000705e00000, 0x0000000705e00000, 0x0000000705f00000|  0%| F|  |TAMS 0x0000000705e00000, 0x0000000705e00000| Untracked 
|  45|0x0000000705f00000, 0x0000000705f00000, 0x0000000706000000|  0%| F|  |TAMS 0x0000000705f00000, 0x0000000705f00000| Untracked 
|  46|0x0000000706000000, 0x0000000706000000, 0x0000000706100000|  0%| F|  |TAMS 0x0000000706000000, 0x0000000706000000| Untracked 
|  47|0x0000000706100000, 0x0000000706100000, 0x0000000706200000|  0%| F|  |TAMS 0x0000000706100000, 0x0000000706100000| Untracked 
|  48|0x0000000706200000, 0x0000000706200000, 0x0000000706300000|  0%| F|  |TAMS 0x0000000706200000, 0x0000000706200000| Untracked 
|  49|0x0000000706300000, 0x0000000706300000, 0x0000000706400000|  0%| F|  |TAMS 0x0000000706300000, 0x0000000706300000| Untracked 
|  50|0x0000000706400000, 0x0000000706400000, 0x0000000706500000|  0%| F|  |TAMS 0x0000000706400000, 0x0000000706400000| Untracked 
|  51|0x0000000706500000, 0x0000000706500000, 0x0000000706600000|  0%| F|  |TAMS 0x0000000706500000, 0x0000000706500000| Untracked 
|  52|0x0000000706600000, 0x0000000706600000, 0x0000000706700000|  0%| F|  |TAMS 0x0000000706600000, 0x0000000706600000| Untracked 
|  53|0x0000000706700000, 0x0000000706700000, 0x0000000706800000|  0%| F|  |TAMS 0x0000000706700000, 0x0000000706700000| Untracked 
|  54|0x0000000706800000, 0x0000000706800000, 0x0000000706900000|  0%| F|  |TAMS 0x0000000706800000, 0x0000000706800000| Untracked 
|  55|0x0000000706900000, 0x0000000706900000, 0x0000000706a00000|  0%| F|  |TAMS 0x0000000706900000, 0x0000000706900000| Untracked 
|  56|0x0000000706a00000, 0x0000000706a00000, 0x0000000706b00000|  0%| F|  |TAMS 0x0000000706a00000, 0x0000000706a00000| Untracked 
|  57|0x0000000706b00000, 0x0000000706b00000, 0x0000000706c00000|  0%| F|  |TAMS 0x0000000706b00000, 0x0000000706b00000| Untracked 
|  58|0x0000000706c00000, 0x0000000706c00000, 0x0000000706d00000|  0%| F|  |TAMS 0x0000000706c00000, 0x0000000706c00000| Untracked 
|  59|0x0000000706d00000, 0x0000000706d00000, 0x0000000706e00000|  0%| F|  |TAMS 0x0000000706d00000, 0x0000000706d00000| Untracked 
|  60|0x0000000706e00000, 0x0000000706e00000, 0x0000000706f00000|  0%| F|  |TAMS 0x0000000706e00000, 0x0000000706e00000| Untracked 
|  61|0x0000000706f00000, 0x0000000706f00000, 0x0000000707000000|  0%| F|  |TAMS 0x0000000706f00000, 0x0000000706f00000| Untracked 
|  62|0x0000000707000000, 0x0000000707000000, 0x0000000707100000|  0%| F|  |TAMS 0x0000000707000000, 0x0000000707000000| Untracked 
|  63|0x0000000707100000, 0x0000000707100000, 0x0000000707200000|  0%| F|  |TAMS 0x0000000707100000, 0x0000000707100000| Untracked 
|  64|0x0000000707200000, 0x0000000707200000, 0x0000000707300000|  0%| F|  |TAMS 0x0000000707200000, 0x0000000707200000| Untracked 
|  65|0x0000000707300000, 0x0000000707300000, 0x0000000707400000|  0%| F|  |TAMS 0x0000000707300000, 0x0000000707300000| Untracked 
|  66|0x0000000707400000, 0x0000000707400000, 0x0000000707500000|  0%| F|  |TAMS 0x0000000707400000, 0x0000000707400000| Untracked 
|  67|0x0000000707500000, 0x0000000707500000, 0x0000000707600000|  0%| F|  |TAMS 0x0000000707500000, 0x0000000707500000| Untracked 
|  68|0x0000000707600000, 0x0000000707600000, 0x0000000707700000|  0%| F|  |TAMS 0x0000000707600000, 0x0000000707600000| Untracked 
|  69|0x0000000707700000, 0x0000000707700000, 0x0000000707800000|  0%| F|  |TAMS 0x0000000707700000, 0x0000000707700000| Untracked 
|  70|0x0000000707800000, 0x0000000707800000, 0x0000000707900000|  0%| F|  |TAMS 0x0000000707800000, 0x0000000707800000| Untracked 
|  71|0x0000000707900000, 0x0000000707900000, 0x0000000707a00000|  0%| F|  |TAMS 0x0000000707900000, 0x0000000707900000| Untracked 
|  72|0x0000000707a00000, 0x0000000707a00000, 0x0000000707b00000|  0%| F|  |TAMS 0x0000000707a00000, 0x0000000707a00000| Untracked 
|  73|0x0000000707b00000, 0x0000000707b00000, 0x0000000707c00000|  0%| F|  |TAMS 0x0000000707b00000, 0x0000000707b00000| Untracked 
|  74|0x0000000707c00000, 0x0000000707c00000, 0x0000000707d00000|  0%| F|  |TAMS 0x0000000707c00000, 0x0000000707c00000| Untracked 
|  75|0x0000000707d00000, 0x0000000707d00000, 0x0000000707e00000|  0%| F|  |TAMS 0x0000000707d00000, 0x0000000707d00000| Untracked 
|  76|0x0000000707e00000, 0x0000000707e00000, 0x0000000707f00000|  0%| F|  |TAMS 0x0000000707e00000, 0x0000000707e00000| Untracked 
|  77|0x0000000707f00000, 0x0000000707f00000, 0x0000000708000000|  0%| F|  |TAMS 0x0000000707f00000, 0x0000000707f00000| Untracked 
|  78|0x0000000708000000, 0x0000000708000000, 0x0000000708100000|  0%| F|  |TAMS 0x0000000708000000, 0x0000000708000000| Untracked 
|  79|0x0000000708100000, 0x0000000708100000, 0x0000000708200000|  0%| F|  |TAMS 0x0000000708100000, 0x0000000708100000| Untracked 
|  80|0x0000000708200000, 0x0000000708200000, 0x0000000708300000|  0%| F|  |TAMS 0x0000000708200000, 0x0000000708200000| Untracked 
|  81|0x0000000708300000, 0x0000000708300000, 0x0000000708400000|  0%| F|  |TAMS 0x0000000708300000, 0x0000000708300000| Untracked 
|  82|0x0000000708400000, 0x0000000708400000, 0x0000000708500000|  0%| F|  |TAMS 0x0000000708400000, 0x0000000708400000| Untracked 
|  83|0x0000000708500000, 0x0000000708500000, 0x0000000708600000|  0%| F|  |TAMS 0x0000000708500000, 0x0000000708500000| Untracked 
|  84|0x0000000708600000, 0x0000000708600000, 0x0000000708700000|  0%| F|  |TAMS 0x0000000708600000, 0x0000000708600000| Untracked 
|  85|0x0000000708700000, 0x0000000708700000, 0x0000000708800000|  0%| F|  |TAMS 0x0000000708700000, 0x0000000708700000| Untracked 
|  86|0x0000000708800000, 0x0000000708800000, 0x0000000708900000|  0%| F|  |TAMS 0x0000000708800000, 0x0000000708800000| Untracked 
|  87|0x0000000708900000, 0x0000000708900000, 0x0000000708a00000|  0%| F|  |TAMS 0x0000000708900000, 0x0000000708900000| Untracked 
|  88|0x0000000708a00000, 0x0000000708a00000, 0x0000000708b00000|  0%| F|  |TAMS 0x0000000708a00000, 0x0000000708a00000| Untracked 
|  89|0x0000000708b00000, 0x0000000708b00000, 0x0000000708c00000|  0%| F|  |TAMS 0x0000000708b00000, 0x0000000708b00000| Untracked 
|  90|0x0000000708c00000, 0x0000000708c00000, 0x0000000708d00000|  0%| F|  |TAMS 0x0000000708c00000, 0x0000000708c00000| Untracked 
|  91|0x0000000708d00000, 0x0000000708d00000, 0x0000000708e00000|  0%| F|  |TAMS 0x0000000708d00000, 0x0000000708d00000| Untracked 
|  92|0x0000000708e00000, 0x0000000708e00000, 0x0000000708f00000|  0%| F|  |TAMS 0x0000000708e00000, 0x0000000708e00000| Untracked 
|  93|0x0000000708f00000, 0x0000000708f00000, 0x0000000709000000|  0%| F|  |TAMS 0x0000000708f00000, 0x0000000708f00000| Untracked 
|  94|0x0000000709000000, 0x0000000709000000, 0x0000000709100000|  0%| F|  |TAMS 0x0000000709000000, 0x0000000709000000| Untracked 
|  95|0x0000000709100000, 0x0000000709100000, 0x0000000709200000|  0%| F|  |TAMS 0x0000000709100000, 0x0000000709100000| Untracked 
|  96|0x0000000709200000, 0x0000000709200000, 0x0000000709300000|  0%| F|  |TAMS 0x0000000709200000, 0x0000000709200000| Untracked 
|  97|0x0000000709300000, 0x0000000709300000, 0x0000000709400000|  0%| F|  |TAMS 0x0000000709300000, 0x0000000709300000| Untracked 
|  98|0x0000000709400000, 0x0000000709400000, 0x0000000709500000|  0%| F|  |TAMS 0x0000000709400000, 0x0000000709400000| Untracked 
|  99|0x0000000709500000, 0x0000000709500000, 0x0000000709600000|  0%| F|  |TAMS 0x0000000709500000, 0x0000000709500000| Untracked 
| 100|0x0000000709600000, 0x0000000709600000, 0x0000000709700000|  0%| F|  |TAMS 0x0000000709600000, 0x0000000709600000| Untracked 
| 101|0x0000000709700000, 0x0000000709700000, 0x0000000709800000|  0%| F|  |TAMS 0x0000000709700000, 0x0000000709700000| Untracked 
| 102|0x0000000709800000, 0x0000000709800000, 0x0000000709900000|  0%| F|  |TAMS 0x0000000709800000, 0x0000000709800000| Untracked 
| 103|0x0000000709900000, 0x0000000709900000, 0x0000000709a00000|  0%| F|  |TAMS 0x0000000709900000, 0x0000000709900000| Untracked 
| 104|0x0000000709a00000, 0x0000000709a00000, 0x0000000709b00000|  0%| F|  |TAMS 0x0000000709a00000, 0x0000000709a00000| Untracked 
| 105|0x0000000709b00000, 0x0000000709b00000, 0x0000000709c00000|  0%| F|  |TAMS 0x0000000709b00000, 0x0000000709b00000| Untracked 
| 106|0x0000000709c00000, 0x0000000709c00000, 0x0000000709d00000|  0%| F|  |TAMS 0x0000000709c00000, 0x0000000709c00000| Untracked 
| 107|0x0000000709d00000, 0x0000000709d00000, 0x0000000709e00000|  0%| F|  |TAMS 0x0000000709d00000, 0x0000000709d00000| Untracked 
| 108|0x0000000709e00000, 0x0000000709e00000, 0x0000000709f00000|  0%| F|  |TAMS 0x0000000709e00000, 0x0000000709e00000| Untracked 
| 109|0x0000000709f00000, 0x0000000709f00000, 0x000000070a000000|  0%| F|  |TAMS 0x0000000709f00000, 0x0000000709f00000| Untracked 
| 110|0x000000070a000000, 0x000000070a000000, 0x000000070a100000|  0%| F|  |TAMS 0x000000070a000000, 0x000000070a000000| Untracked 
| 111|0x000000070a100000, 0x000000070a100000, 0x000000070a200000|  0%| F|  |TAMS 0x000000070a100000, 0x000000070a100000| Untracked 
| 112|0x000000070a200000, 0x000000070a200000, 0x000000070a300000|  0%| F|  |TAMS 0x000000070a200000, 0x000000070a200000| Untracked 
| 113|0x000000070a300000, 0x000000070a300000, 0x000000070a400000|  0%| F|  |TAMS 0x000000070a300000, 0x000000070a300000| Untracked 
| 114|0x000000070a400000, 0x000000070a400000, 0x000000070a500000|  0%| F|  |TAMS 0x000000070a400000, 0x000000070a400000| Untracked 
| 115|0x000000070a500000, 0x000000070a500000, 0x000000070a600000|  0%| F|  |TAMS 0x000000070a500000, 0x000000070a500000| Untracked 
| 116|0x000000070a600000, 0x000000070a600000, 0x000000070a700000|  0%| F|  |TAMS 0x000000070a600000, 0x000000070a600000| Untracked 
| 117|0x000000070a700000, 0x000000070a700000, 0x000000070a800000|  0%| F|  |TAMS 0x000000070a700000, 0x000000070a700000| Untracked 
| 118|0x000000070a800000, 0x000000070a800000, 0x000000070a900000|  0%| F|  |TAMS 0x000000070a800000, 0x000000070a800000| Untracked 
| 119|0x000000070a900000, 0x000000070a900000, 0x000000070aa00000|  0%| F|  |TAMS 0x000000070a900000, 0x000000070a900000| Untracked 
| 120|0x000000070aa00000, 0x000000070aa00000, 0x000000070ab00000|  0%| F|  |TAMS 0x000000070aa00000, 0x000000070aa00000| Untracked 
| 121|0x000000070ab00000, 0x000000070ab00000, 0x000000070ac00000|  0%| F|  |TAMS 0x000000070ab00000, 0x000000070ab00000| Untracked 
| 122|0x000000070ac00000, 0x000000070ac00000, 0x000000070ad00000|  0%| F|  |TAMS 0x000000070ac00000, 0x000000070ac00000| Untracked 
| 123|0x000000070ad00000, 0x000000070ad00000, 0x000000070ae00000|  0%| F|  |TAMS 0x000000070ad00000, 0x000000070ad00000| Untracked 
| 124|0x000000070ae00000, 0x000000070ae00000, 0x000000070af00000|  0%| F|  |TAMS 0x000000070ae00000, 0x000000070ae00000| Untracked 
| 125|0x000000070af00000, 0x000000070af00000, 0x000000070b000000|  0%| F|  |TAMS 0x000000070af00000, 0x000000070af00000| Untracked 
| 126|0x000000070b000000, 0x000000070b000000, 0x000000070b100000|  0%| F|  |TAMS 0x000000070b000000, 0x000000070b000000| Untracked 
| 127|0x000000070b100000, 0x000000070b100000, 0x000000070b200000|  0%| F|  |TAMS 0x000000070b100000, 0x000000070b100000| Untracked 
| 128|0x000000070b200000, 0x000000070b200000, 0x000000070b300000|  0%| F|  |TAMS 0x000000070b200000, 0x000000070b200000| Untracked 
| 129|0x000000070b300000, 0x000000070b300000, 0x000000070b400000|  0%| F|  |TAMS 0x000000070b300000, 0x000000070b300000| Untracked 
| 130|0x000000070b400000, 0x000000070b400000, 0x000000070b500000|  0%| F|  |TAMS 0x000000070b400000, 0x000000070b400000| Untracked 
| 131|0x000000070b500000, 0x000000070b500000, 0x000000070b600000|  0%| F|  |TAMS 0x000000070b500000, 0x000000070b500000| Untracked 
| 132|0x000000070b600000, 0x000000070b600000, 0x000000070b700000|  0%| F|  |TAMS 0x000000070b600000, 0x000000070b600000| Untracked 
| 133|0x000000070b700000, 0x000000070b700000, 0x000000070b800000|  0%| F|  |TAMS 0x000000070b700000, 0x000000070b700000| Untracked 
| 134|0x000000070b800000, 0x000000070b800000, 0x000000070b900000|  0%| F|  |TAMS 0x000000070b800000, 0x000000070b800000| Untracked 
| 135|0x000000070b900000, 0x000000070b900000, 0x000000070ba00000|  0%| F|  |TAMS 0x000000070b900000, 0x000000070b900000| Untracked 
| 136|0x000000070ba00000, 0x000000070ba00000, 0x000000070bb00000|  0%| F|  |TAMS 0x000000070ba00000, 0x000000070ba00000| Untracked 
| 137|0x000000070bb00000, 0x000000070bb00000, 0x000000070bc00000|  0%| F|  |TAMS 0x000000070bb00000, 0x000000070bb00000| Untracked 
| 138|0x000000070bc00000, 0x000000070bc00000, 0x000000070bd00000|  0%| F|  |TAMS 0x000000070bc00000, 0x000000070bc00000| Untracked 
| 139|0x000000070bd00000, 0x000000070bd00000, 0x000000070be00000|  0%| F|  |TAMS 0x000000070bd00000, 0x000000070bd00000| Untracked 
| 140|0x000000070be00000, 0x000000070be00000, 0x000000070bf00000|  0%| F|  |TAMS 0x000000070be00000, 0x000000070be00000| Untracked 
| 141|0x000000070bf00000, 0x000000070bf00000, 0x000000070c000000|  0%| F|  |TAMS 0x000000070bf00000, 0x000000070bf00000| Untracked 
| 142|0x000000070c000000, 0x000000070c000000, 0x000000070c100000|  0%| F|  |TAMS 0x000000070c000000, 0x000000070c000000| Untracked 
| 143|0x000000070c100000, 0x000000070c100000, 0x000000070c200000|  0%| F|  |TAMS 0x000000070c100000, 0x000000070c100000| Untracked 
| 144|0x000000070c200000, 0x000000070c200000, 0x000000070c300000|  0%| F|  |TAMS 0x000000070c200000, 0x000000070c200000| Untracked 
| 145|0x000000070c300000, 0x000000070c300000, 0x000000070c400000|  0%| F|  |TAMS 0x000000070c300000, 0x000000070c300000| Untracked 
| 146|0x000000070c400000, 0x000000070c400000, 0x000000070c500000|  0%| F|  |TAMS 0x000000070c400000, 0x000000070c400000| Untracked 
| 147|0x000000070c500000, 0x000000070c500000, 0x000000070c600000|  0%| F|  |TAMS 0x000000070c500000, 0x000000070c500000| Untracked 
| 148|0x000000070c600000, 0x000000070c600000, 0x000000070c700000|  0%| F|  |TAMS 0x000000070c600000, 0x000000070c600000| Untracked 
| 149|0x000000070c700000, 0x000000070c700000, 0x000000070c800000|  0%| F|  |TAMS 0x000000070c700000, 0x000000070c700000| Untracked 
| 150|0x000000070c800000, 0x000000070c800000, 0x000000070c900000|  0%| F|  |TAMS 0x000000070c800000, 0x000000070c800000| Untracked 
| 151|0x000000070c900000, 0x000000070c900000, 0x000000070ca00000|  0%| F|  |TAMS 0x000000070c900000, 0x000000070c900000| Untracked 
| 152|0x000000070ca00000, 0x000000070ca00000, 0x000000070cb00000|  0%| F|  |TAMS 0x000000070ca00000, 0x000000070ca00000| Untracked 
| 153|0x000000070cb00000, 0x000000070cb00000, 0x000000070cc00000|  0%| F|  |TAMS 0x000000070cb00000, 0x000000070cb00000| Untracked 
| 154|0x000000070cc00000, 0x000000070cc00000, 0x000000070cd00000|  0%| F|  |TAMS 0x000000070cc00000, 0x000000070cc00000| Untracked 
| 155|0x000000070cd00000, 0x000000070cd00000, 0x000000070ce00000|  0%| F|  |TAMS 0x000000070cd00000, 0x000000070cd00000| Untracked 
| 156|0x000000070ce00000, 0x000000070ce00000, 0x000000070cf00000|  0%| F|  |TAMS 0x000000070ce00000, 0x000000070ce00000| Untracked 
| 157|0x000000070cf00000, 0x000000070cf00000, 0x000000070d000000|  0%| F|  |TAMS 0x000000070cf00000, 0x000000070cf00000| Untracked 
| 158|0x000000070d000000, 0x000000070d000000, 0x000000070d100000|  0%| F|  |TAMS 0x000000070d000000, 0x000000070d000000| Untracked 
| 159|0x000000070d100000, 0x000000070d100000, 0x000000070d200000|  0%| F|  |TAMS 0x000000070d100000, 0x000000070d100000| Untracked 
| 160|0x000000070d200000, 0x000000070d200000, 0x000000070d300000|  0%| F|  |TAMS 0x000000070d200000, 0x000000070d200000| Untracked 
| 161|0x000000070d300000, 0x000000070d300000, 0x000000070d400000|  0%| F|  |TAMS 0x000000070d300000, 0x000000070d300000| Untracked 
| 162|0x000000070d400000, 0x000000070d400000, 0x000000070d500000|  0%| F|  |TAMS 0x000000070d400000, 0x000000070d400000| Untracked 
| 163|0x000000070d500000, 0x000000070d500000, 0x000000070d600000|  0%| F|  |TAMS 0x000000070d500000, 0x000000070d500000| Untracked 
| 164|0x000000070d600000, 0x000000070d600000, 0x000000070d700000|  0%| F|  |TAMS 0x000000070d600000, 0x000000070d600000| Untracked 
| 165|0x000000070d700000, 0x000000070d700000, 0x000000070d800000|  0%| F|  |TAMS 0x000000070d700000, 0x000000070d700000| Untracked 
| 166|0x000000070d800000, 0x000000070d800000, 0x000000070d900000|  0%| F|  |TAMS 0x000000070d800000, 0x000000070d800000| Untracked 
| 167|0x000000070d900000, 0x000000070d900000, 0x000000070da00000|  0%| F|  |TAMS 0x000000070d900000, 0x000000070d900000| Untracked 
| 168|0x000000070da00000, 0x000000070da00000, 0x000000070db00000|  0%| F|  |TAMS 0x000000070da00000, 0x000000070da00000| Untracked 
| 169|0x000000070db00000, 0x000000070db00000, 0x000000070dc00000|  0%| F|  |TAMS 0x000000070db00000, 0x000000070db00000| Untracked 
| 170|0x000000070dc00000, 0x000000070dc00000, 0x000000070dd00000|  0%| F|  |TAMS 0x000000070dc00000, 0x000000070dc00000| Untracked 
| 171|0x000000070dd00000, 0x000000070dd00000, 0x000000070de00000|  0%| F|  |TAMS 0x000000070dd00000, 0x000000070dd00000| Untracked 
| 172|0x000000070de00000, 0x000000070de00000, 0x000000070df00000|  0%| F|  |TAMS 0x000000070de00000, 0x000000070de00000| Untracked 
| 173|0x000000070df00000, 0x000000070df00000, 0x000000070e000000|  0%| F|  |TAMS 0x000000070df00000, 0x000000070df00000| Untracked 
| 174|0x000000070e000000, 0x000000070e000000, 0x000000070e100000|  0%| F|  |TAMS 0x000000070e000000, 0x000000070e000000| Untracked 
| 175|0x000000070e100000, 0x000000070e100000, 0x000000070e200000|  0%| F|  |TAMS 0x000000070e100000, 0x000000070e100000| Untracked 
| 176|0x000000070e200000, 0x000000070e200000, 0x000000070e300000|  0%| F|  |TAMS 0x000000070e200000, 0x000000070e200000| Untracked 
| 177|0x000000070e300000, 0x000000070e300000, 0x000000070e400000|  0%| F|  |TAMS 0x000000070e300000, 0x000000070e300000| Untracked 
| 178|0x000000070e400000, 0x000000070e400000, 0x000000070e500000|  0%| F|  |TAMS 0x000000070e400000, 0x000000070e400000| Untracked 
| 179|0x000000070e500000, 0x000000070e500000, 0x000000070e600000|  0%| F|  |TAMS 0x000000070e500000, 0x000000070e500000| Untracked 
| 180|0x000000070e600000, 0x000000070e600000, 0x000000070e700000|  0%| F|  |TAMS 0x000000070e600000, 0x000000070e600000| Untracked 
| 181|0x000000070e700000, 0x000000070e700000, 0x000000070e800000|  0%| F|  |TAMS 0x000000070e700000, 0x000000070e700000| Untracked 
| 182|0x000000070e800000, 0x000000070e800000, 0x000000070e900000|  0%| F|  |TAMS 0x000000070e800000, 0x000000070e800000| Untracked 
| 183|0x000000070e900000, 0x000000070e900000, 0x000000070ea00000|  0%| F|  |TAMS 0x000000070e900000, 0x000000070e900000| Untracked 
| 184|0x000000070ea00000, 0x000000070ea00000, 0x000000070eb00000|  0%| F|  |TAMS 0x000000070ea00000, 0x000000070ea00000| Untracked 
| 185|0x000000070eb00000, 0x000000070eb00000, 0x000000070ec00000|  0%| F|  |TAMS 0x000000070eb00000, 0x000000070eb00000| Untracked 
| 186|0x000000070ec00000, 0x000000070ec00000, 0x000000070ed00000|  0%| F|  |TAMS 0x000000070ec00000, 0x000000070ec00000| Untracked 
| 187|0x000000070ed00000, 0x000000070ed00000, 0x000000070ee00000|  0%| F|  |TAMS 0x000000070ed00000, 0x000000070ed00000| Untracked 
| 188|0x000000070ee00000, 0x000000070ee00000, 0x000000070ef00000|  0%| F|  |TAMS 0x000000070ee00000, 0x000000070ee00000| Untracked 
| 189|0x000000070ef00000, 0x000000070ef00000, 0x000000070f000000|  0%| F|  |TAMS 0x000000070ef00000, 0x000000070ef00000| Untracked 
| 190|0x000000070f000000, 0x000000070f000000, 0x000000070f100000|  0%| F|  |TAMS 0x000000070f000000, 0x000000070f000000| Untracked 
| 191|0x000000070f100000, 0x000000070f100000, 0x000000070f200000|  0%| F|  |TAMS 0x000000070f100000, 0x000000070f100000| Untracked 
| 192|0x000000070f200000, 0x000000070f200000, 0x000000070f300000|  0%| F|  |TAMS 0x000000070f200000, 0x000000070f200000| Untracked 
| 193|0x000000070f300000, 0x000000070f300000, 0x000000070f400000|  0%| F|  |TAMS 0x000000070f300000, 0x000000070f300000| Untracked 
| 194|0x000000070f400000, 0x000000070f400000, 0x000000070f500000|  0%| F|  |TAMS 0x000000070f400000, 0x000000070f400000| Untracked 
| 195|0x000000070f500000, 0x000000070f500000, 0x000000070f600000|  0%| F|  |TAMS 0x000000070f500000, 0x000000070f500000| Untracked 
| 196|0x000000070f600000, 0x000000070f600000, 0x000000070f700000|  0%| F|  |TAMS 0x000000070f600000, 0x000000070f600000| Untracked 
| 197|0x000000070f700000, 0x000000070f700000, 0x000000070f800000|  0%| F|  |TAMS 0x000000070f700000, 0x000000070f700000| Untracked 
| 198|0x000000070f800000, 0x000000070f800000, 0x000000070f900000|  0%| F|  |TAMS 0x000000070f800000, 0x000000070f800000| Untracked 
| 199|0x000000070f900000, 0x000000070f900000, 0x000000070fa00000|  0%| F|  |TAMS 0x000000070f900000, 0x000000070f900000| Untracked 
| 200|0x000000070fa00000, 0x000000070fa5e080, 0x000000070fb00000| 36%| S|CS|TAMS 0x000000070fa00000, 0x000000070fa00000| Complete 
| 201|0x000000070fb00000, 0x000000070fc00000, 0x000000070fc00000|100%| S|CS|TAMS 0x000000070fb00000, 0x000000070fb00000| Complete 
| 202|0x000000070fc00000, 0x000000070fd00000, 0x000000070fd00000|100%| S|CS|TAMS 0x000000070fc00000, 0x000000070fc00000| Complete 
| 203|0x000000070fd00000, 0x000000070fe00000, 0x000000070fe00000|100%| S|CS|TAMS 0x000000070fd00000, 0x000000070fd00000| Complete 
| 204|0x000000070fe00000, 0x000000070fe00000, 0x000000070ff00000|  0%| F|  |TAMS 0x000000070fe00000, 0x000000070fe00000| Untracked 
| 205|0x000000070ff00000, 0x000000070ff00000, 0x0000000710000000|  0%| F|  |TAMS 0x000000070ff00000, 0x000000070ff00000| Untracked 
| 206|0x0000000710000000, 0x0000000710000000, 0x0000000710100000|  0%| F|  |TAMS 0x0000000710000000, 0x0000000710000000| Untracked 
| 207|0x0000000710100000, 0x0000000710100000, 0x0000000710200000|  0%| F|  |TAMS 0x0000000710100000, 0x0000000710100000| Untracked 
| 208|0x0000000710200000, 0x0000000710200000, 0x0000000710300000|  0%| F|  |TAMS 0x0000000710200000, 0x0000000710200000| Untracked 
| 209|0x0000000710300000, 0x0000000710300000, 0x0000000710400000|  0%| F|  |TAMS 0x0000000710300000, 0x0000000710300000| Untracked 
| 210|0x0000000710400000, 0x0000000710400000, 0x0000000710500000|  0%| F|  |TAMS 0x0000000710400000, 0x0000000710400000| Untracked 
| 211|0x0000000710500000, 0x0000000710500000, 0x0000000710600000|  0%| F|  |TAMS 0x0000000710500000, 0x0000000710500000| Untracked 
| 212|0x0000000710600000, 0x0000000710600000, 0x0000000710700000|  0%| F|  |TAMS 0x0000000710600000, 0x0000000710600000| Untracked 
| 213|0x0000000710700000, 0x0000000710700000, 0x0000000710800000|  0%| F|  |TAMS 0x0000000710700000, 0x0000000710700000| Untracked 
| 214|0x0000000710800000, 0x0000000710880800, 0x0000000710900000| 50%| E|  |TAMS 0x0000000710800000, 0x0000000710800000| Complete 
| 215|0x0000000710900000, 0x0000000710a00000, 0x0000000710a00000|100%| E|CS|TAMS 0x0000000710900000, 0x0000000710900000| Complete 
| 216|0x0000000710a00000, 0x0000000710b00000, 0x0000000710b00000|100%| E|CS|TAMS 0x0000000710a00000, 0x0000000710a00000| Complete 
| 217|0x0000000710b00000, 0x0000000710c00000, 0x0000000710c00000|100%| E|CS|TAMS 0x0000000710b00000, 0x0000000710b00000| Complete 
| 218|0x0000000710c00000, 0x0000000710d00000, 0x0000000710d00000|100%| E|CS|TAMS 0x0000000710c00000, 0x0000000710c00000| Complete 
| 219|0x0000000710d00000, 0x0000000710e00000, 0x0000000710e00000|100%| E|CS|TAMS 0x0000000710d00000, 0x0000000710d00000| Complete 
| 220|0x0000000710e00000, 0x0000000710f00000, 0x0000000710f00000|100%| E|CS|TAMS 0x0000000710e00000, 0x0000000710e00000| Complete 
| 221|0x0000000710f00000, 0x0000000711000000, 0x0000000711000000|100%| E|CS|TAMS 0x0000000710f00000, 0x0000000710f00000| Complete 
| 222|0x0000000711000000, 0x0000000711100000, 0x0000000711100000|100%| E|CS|TAMS 0x0000000711000000, 0x0000000711000000| Complete 
| 223|0x0000000711100000, 0x0000000711200000, 0x0000000711200000|100%| E|CS|TAMS 0x0000000711100000, 0x0000000711100000| Complete 
| 224|0x0000000711200000, 0x0000000711300000, 0x0000000711300000|100%| E|CS|TAMS 0x0000000711200000, 0x0000000711200000| Complete 
| 225|0x0000000711300000, 0x0000000711400000, 0x0000000711400000|100%| E|CS|TAMS 0x0000000711300000, 0x0000000711300000| Complete 
| 226|0x0000000711400000, 0x0000000711500000, 0x0000000711500000|100%| E|CS|TAMS 0x0000000711400000, 0x0000000711400000| Complete 
| 227|0x0000000711500000, 0x0000000711600000, 0x0000000711600000|100%| E|CS|TAMS 0x0000000711500000, 0x0000000711500000| Complete 
| 228|0x0000000711600000, 0x0000000711700000, 0x0000000711700000|100%| E|CS|TAMS 0x0000000711600000, 0x0000000711600000| Complete 
| 229|0x0000000711700000, 0x0000000711800000, 0x0000000711800000|100%| E|CS|TAMS 0x0000000711700000, 0x0000000711700000| Complete 
| 230|0x0000000711800000, 0x0000000711900000, 0x0000000711900000|100%| E|CS|TAMS 0x0000000711800000, 0x0000000711800000| Complete 
| 231|0x0000000711900000, 0x0000000711a00000, 0x0000000711a00000|100%| E|CS|TAMS 0x0000000711900000, 0x0000000711900000| Complete 
| 232|0x0000000711a00000, 0x0000000711b00000, 0x0000000711b00000|100%| E|CS|TAMS 0x0000000711a00000, 0x0000000711a00000| Complete 
| 233|0x0000000711b00000, 0x0000000711c00000, 0x0000000711c00000|100%| E|CS|TAMS 0x0000000711b00000, 0x0000000711b00000| Complete 
| 234|0x0000000711c00000, 0x0000000711d00000, 0x0000000711d00000|100%| E|CS|TAMS 0x0000000711c00000, 0x0000000711c00000| Complete 
| 235|0x0000000711d00000, 0x0000000711e00000, 0x0000000711e00000|100%| E|CS|TAMS 0x0000000711d00000, 0x0000000711d00000| Complete 
| 236|0x0000000711e00000, 0x0000000711f00000, 0x0000000711f00000|100%| E|CS|TAMS 0x0000000711e00000, 0x0000000711e00000| Complete 
| 237|0x0000000711f00000, 0x0000000712000000, 0x0000000712000000|100%| E|CS|TAMS 0x0000000711f00000, 0x0000000711f00000| Complete 
| 238|0x0000000712000000, 0x0000000712100000, 0x0000000712100000|100%| E|CS|TAMS 0x0000000712000000, 0x0000000712000000| Complete 
| 239|0x0000000712100000, 0x0000000712200000, 0x0000000712200000|100%| E|CS|TAMS 0x0000000712100000, 0x0000000712100000| Complete 
| 240|0x0000000712200000, 0x0000000712300000, 0x0000000712300000|100%| E|CS|TAMS 0x0000000712200000, 0x0000000712200000| Complete 
| 241|0x0000000712300000, 0x0000000712400000, 0x0000000712400000|100%| E|CS|TAMS 0x0000000712300000, 0x0000000712300000| Complete 
| 242|0x0000000712400000, 0x0000000712500000, 0x0000000712500000|100%| E|CS|TAMS 0x0000000712400000, 0x0000000712400000| Complete 
| 243|0x0000000712500000, 0x0000000712600000, 0x0000000712600000|100%| E|CS|TAMS 0x0000000712500000, 0x0000000712500000| Complete 
| 244|0x0000000712600000, 0x0000000712700000, 0x0000000712700000|100%| E|CS|TAMS 0x0000000712600000, 0x0000000712600000| Complete 
| 245|0x0000000712700000, 0x0000000712800000, 0x0000000712800000|100%| E|CS|TAMS 0x0000000712700000, 0x0000000712700000| Complete 
| 246|0x0000000712800000, 0x0000000712900000, 0x0000000712900000|100%| E|CS|TAMS 0x0000000712800000, 0x0000000712800000| Complete 
| 247|0x0000000712900000, 0x0000000712a00000, 0x0000000712a00000|100%| E|CS|TAMS 0x0000000712900000, 0x0000000712900000| Complete 
| 248|0x0000000712a00000, 0x0000000712b00000, 0x0000000712b00000|100%| E|CS|TAMS 0x0000000712a00000, 0x0000000712a00000| Complete 
| 249|0x0000000712b00000, 0x0000000712c00000, 0x0000000712c00000|100%| E|CS|TAMS 0x0000000712b00000, 0x0000000712b00000| Complete 
| 250|0x0000000712c00000, 0x0000000712d00000, 0x0000000712d00000|100%| E|CS|TAMS 0x0000000712c00000, 0x0000000712c00000| Complete 
| 251|0x0000000712d00000, 0x0000000712e00000, 0x0000000712e00000|100%| E|CS|TAMS 0x0000000712d00000, 0x0000000712d00000| Complete 
| 252|0x0000000712e00000, 0x0000000712f00000, 0x0000000712f00000|100%| E|CS|TAMS 0x0000000712e00000, 0x0000000712e00000| Complete 
| 253|0x0000000712f00000, 0x0000000713000000, 0x0000000713000000|100%| E|CS|TAMS 0x0000000712f00000, 0x0000000712f00000| Complete 

Card table byte_map: [0x0000024dc85d0000,0x0000024dc8dc0000] _byte_map_base: 0x0000024dc4db7000

Marking Bits (Prev, Next): (CMBitMap*) 0x0000024db05c3d70, (CMBitMap*) 0x0000024db05c3d38
 Prev Bits: [0x0000024dcd4f0000, 0x0000024dd1428000)
 Next Bits: [0x0000024dc95b0000, 0x0000024dcd4e8000)

Polling page: 0x0000024dae4f0000

Metaspace:

Usage:
  Non-class:     23.35 MB capacity,    22.79 MB ( 98%) used,   483.17 KB (  2%) free+waste,    92.94 KB ( <1%) overhead. 
      Class:      3.52 MB capacity,     3.20 MB ( 91%) used,   284.48 KB (  8%) free+waste,    47.81 KB (  1%) overhead. 
       Both:     26.88 MB capacity,    25.99 MB ( 97%) used,   767.65 KB (  3%) free+waste,   140.75 KB ( <1%) overhead. 

Virtual space:
  Non-class space:       24.00 MB reserved,      23.50 MB ( 98%) committed 
      Class space:        1.00 GB reserved,       3.63 MB ( <1%) committed 
             Both:        1.02 GB reserved,      27.13 MB (  3%) committed 

Chunk freelists:
   Non-Class:  2.63 KB
       Class:  896 bytes
        Both:  3.50 KB

CodeHeap 'non-profiled nmethods': size=238336Kb used=4141Kb max_used=4141Kb free=234194Kb
 bounds [0x0000024db8fd0000, 0x0000024db93e0000, 0x0000024dc7890000]
CodeHeap 'non-nmethods': size=7424Kb used=2852Kb max_used=2852Kb free=4571Kb
 bounds [0x0000024db8890000, 0x0000024db8b60000, 0x0000024db8fd0000]
 total_blobs=3121 nmethods=2618 adapters=410
 compilation: enabled
              stopped_count=0, restarted_count=0
 full_count=0

Compilation events (10 events):
Event: 0.973 Thread 0x0000024dd4cc0800 nmethod 1314 0x0000024db91bc290 code [0x0000024db91bc480, 0x0000024db91bc6f0]
Event: 0.973 Thread 0x0000024dd4cc0800 1316       1       jdk.internal.org.objectweb.asm.ClassWriter::toByteArray (1423 bytes)
Event: 0.974 Thread 0x0000024dd4af0800 1317       1       java.util.concurrent.ConcurrentHashMap$Node::<init> (14 bytes)
Event: 0.974 Thread 0x0000024dd4af0800 nmethod 1317 0x0000024db91bc810 code [0x0000024db91bc9c0, 0x0000024db91bcc18]
Event: 0.975 Thread 0x0000024dd4cbc000 1318       1       java.lang.invoke.MethodHandleNatives::isPullModeBSM (2 bytes)
Event: 0.975 Thread 0x0000024dd4cbc000 nmethod 1318 0x0000024db91bcc90 code [0x0000024db91bce40, 0x0000024db91bcf38]
Event: 0.975 Thread 0x0000024dd4af0800 1319       1       java.lang.invoke.ConstantCallSite::getTarget (20 bytes)
Event: 0.975 Thread 0x0000024dd4af0800 nmethod 1319 0x0000024db91bcf90 code [0x0000024db91bd140, 0x0000024db91bd330]
Event: 0.975 Thread 0x0000024dd4cc0800 nmethod 1316 0x0000024db91bd410 code [0x0000024db91bdac0, 0x0000024db91bf9b0]
Event: 0.975 Thread 0x0000024dd4cbb000 1320       1       java.util.jar.JarFile::maybeInstantiateVerifier (112 bytes)

GC Heap History (2 events):
Event: 0.901 GC heap before
{Heap before GC invocations=0 (full 0):
 garbage-first heap   total 260096K, used 24576K [0x0000000703200000, 0x0000000800000000)
  region size 1024K, 24 young (24576K), 0 survivors (0K)
 Metaspace       used 11049K, capacity 11316K, committed 11520K, reserved 1058816K
  class space    used 1159K, capacity 1263K, committed 1280K, reserved 1048576K
}
Event: 0.905 GC heap after
{Heap after GC invocations=1 (full 0):
 garbage-first heap   total 260096K, used 16142K [0x0000000703200000, 0x0000000800000000)
  region size 1024K, 3 young (3072K), 3 survivors (3072K)
 Metaspace       used 11049K, capacity 11316K, committed 11520K, reserved 1058816K
  class space    used 1159K, capacity 1263K, committed 1280K, reserved 1048576K
}

Deoptimization events (0 events):
No events

Classes redefined (0 events):
No events

Internal exceptions (10 events):
Event: 0.653 Thread 0x0000024db055e800 Exception <a 'java/lang/NoSuchMethodError'{0x00000007119ea988}: java.lang.invoke.DirectMethodHandle$Holder.invokeStaticInit(Ljava/lang/Object;IIII)Ljava/lang/Object;> (0x00000007119ea988) thrown at [t:/workspace/open/src/hotspot/share/interpreter/linkReso
Event: 0.882 Thread 0x0000024db055e800 Exception <a 'java/lang/NoSuchMethodError'{0x0000000711842ce0}: java.lang.invoke.DirectMethodHandle$Holder.invokeStatic(Ljava/lang/Object;Ljava/lang/Object;IIII)Ljava/lang/Object;> (0x0000000711842ce0) thrown at [t:/workspace/open/src/hotspot/share/interp
Event: 0.883 Thread 0x0000024db055e800 Exception <a 'java/lang/NoSuchMethodError'{0x0000000711846028}: java.lang.invoke.DirectMethodHandle$Holder.invokeStaticInit(Ljava/lang/Object;Ljava/lang/Object;IIII)Ljava/lang/Object;> (0x0000000711846028) thrown at [t:/workspace/open/src/hotspot/share/in
Event: 0.889 Thread 0x0000024db055e800 Exception <a 'java/lang/ClassNotFoundException'{0x0000000711863840}: javax/management/remote/rmi/RMIServerImpl_Skel> (0x0000000711863840) thrown at [t:/workspace/open/src/hotspot/share/classfile/systemDictionary.cpp, line 231]
Event: 0.916 Thread 0x0000024db055e800 Exception <a 'java/lang/ClassNotFoundException'{0x0000000712f523c0}: jdk/internal/agent/resources/spi/agentProvider> (0x0000000712f523c0) thrown at [t:/workspace/open/src/hotspot/share/classfile/systemDictionary.cpp, line 231]
Event: 0.920 Thread 0x0000024db055e800 Exception <a 'java/lang/NoSuchMethodError'{0x0000000712fa8960}: java.lang.invoke.DirectMethodHandle$Holder.invokeStatic(Ljava/lang/Object;Ljava/lang/Object;Ljava/lang/Object;Ljava/lang/Object;Ljava/lang/Object;Ljava/lang/Object;Ljava/lang/Object;Ljava/lan
Event: 0.921 Thread 0x0000024db055e800 Exception <a 'java/lang/NoSuchMethodError'{0x0000000712fb5320}: java.lang.invoke.DirectMethodHandle$Holder.invokeStatic(Ljava/lang/Object;Ljava/lang/Object;Ljava/lang/Object;Ljava/lang/Object;Ljava/lang/Object;Ljava/lang/Object;Ljava/lang/Object;Ljava/lan
Event: 0.922 Thread 0x0000024db055e800 Exception <a 'java/lang/NoSuchMethodError'{0x0000000712fcefa8}: java.lang.invoke.DelegatingMethodHandle$Holder.reinvoke_L(Ljava/lang/Object;ILjava/lang/Object;)Ljava/lang/Object;> (0x0000000712fcefa8) thrown at [t:/workspace/open/src/hotspot/share/interpr
Event: 0.947 Thread 0x0000024db055e800 Exception <a 'java/lang/ClassNotFoundException'{0x0000000712dd56b8}: javax/smartcardio/CardPermission> (0x0000000712dd56b8) thrown at [t:/workspace/open/src/hotspot/share/classfile/systemDictionary.cpp, line 231]
Event: 0.948 Thread 0x0000024db055e800 Exception <a 'java/io/FileNotFoundException'{0x0000000712de3ca0}> (0x0000000712de3ca0) thrown at [t:/workspace/open/src/hotspot/share/prims/jni.cpp, line 615]

Events (10 events):
Event: 0.975 loading class java/rmi/server/RemoteCall done
Event: 0.975 loading class sun/rmi/transport/StreamRemoteCall done
Event: 0.975 loading class sun/rmi/transport/ConnectionInputStream
Event: 0.975 loading class sun/rmi/server/MarshalInputStream
Event: 0.975 loading class org/springframework/boot/Banner$Mode
Event: 0.975 loading class org/springframework/boot/Banner$Mode done
Event: 0.975 loading class sun/rmi/server/MarshalInputStream done
Event: 0.975 loading class sun/rmi/transport/ConnectionInputStream done
Event: 0.975 loading class org/springframework/util/Assert
Event: 0.975 loading class org/springframework/util/Assert done


Dynamic libraries:
0x00007ff6bc7f0000 - 0x00007ff6bc837000 	C:\Program Files\Java\jdk-11.0.4\bin\javaw.exe
0x00007ffa459e0000 - 0x00007ffa45bd0000 	C:\WINDOWS\SYSTEM32\ntdll.dll
0x00007ffa07d90000 - 0x00007ffa07da4000 	C:\Program Files\AVAST Software\Avast\aswhook.dll
0x00007ffa45000000 - 0x00007ffa450b2000 	C:\WINDOWS\System32\KERNEL32.DLL
0x00007ffa435c0000 - 0x00007ffa43863000 	C:\WINDOWS\System32\KERNELBASE.dll
0x00007ffa44df0000 - 0x00007ffa44e93000 	C:\WINDOWS\System32\ADVAPI32.dll
0x00007ffa45190000 - 0x00007ffa4522e000 	C:\WINDOWS\System32\msvcrt.dll
0x00007ffa43d20000 - 0x00007ffa43db7000 	C:\WINDOWS\System32\sechost.dll
0x00007ffa43a90000 - 0x00007ffa43bb0000 	C:\WINDOWS\System32\RPCRT4.dll
0x00007ffa45230000 - 0x00007ffa453c4000 	C:\WINDOWS\System32\USER32.dll
0x00007ffa43a60000 - 0x00007ffa43a81000 	C:\WINDOWS\System32\win32u.dll
0x00007ffa43c10000 - 0x00007ffa43c36000 	C:\WINDOWS\System32\GDI32.dll
0x00007ffa43890000 - 0x00007ffa43a24000 	C:\WINDOWS\System32\gdi32full.dll
0x00007ffa42970000 - 0x00007ffa42a0e000 	C:\WINDOWS\System32\msvcp_win.dll
0x00007ffa434c0000 - 0x00007ffa435ba000 	C:\WINDOWS\System32\ucrtbase.dll
0x00007ffa33c30000 - 0x00007ffa33eb5000 	C:\WINDOWS\WinSxS\amd64_microsoft.windows.common-controls_6595b64144ccf1df_6.0.18362.476_none_e6c4b11b130f2595\COMCTL32.dll
0x00007ffa43f70000 - 0x00007ffa442a6000 	C:\WINDOWS\System32\combase.dll
0x00007ffa43390000 - 0x00007ffa43410000 	C:\WINDOWS\System32\bcryptPrimitives.dll
0x00007ffa3c7c0000 - 0x00007ffa3c7ca000 	C:\WINDOWS\SYSTEM32\VERSION.dll
0x00007ffa449a0000 - 0x00007ffa449ce000 	C:\WINDOWS\System32\IMM32.DLL
0x00007ffa2ec80000 - 0x00007ffa2ec96000 	C:\Program Files\Java\jdk-11.0.4\bin\vcruntime140.dll
0x00007ff9f9750000 - 0x00007ff9f97fa000 	C:\Program Files\Java\jdk-11.0.4\bin\msvcp140.dll
0x00007ff9c4b00000 - 0x00007ff9c5627000 	C:\Program Files\Java\jdk-11.0.4\bin\server\jvm.dll
0x00007ffa43c40000 - 0x00007ffa43c48000 	C:\WINDOWS\System32\PSAPI.DLL
0x00007ffa32920000 - 0x00007ffa32929000 	C:\WINDOWS\SYSTEM32\WSOCK32.dll
0x00007ffa44d60000 - 0x00007ffa44dcf000 	C:\WINDOWS\System32\WS2_32.dll
0x00007ffa3d510000 - 0x00007ffa3d534000 	C:\WINDOWS\SYSTEM32\WINMM.dll
0x00007ffa3d4e0000 - 0x00007ffa3d50d000 	C:\WINDOWS\SYSTEM32\WINMMBASE.dll
0x00007ffa42a10000 - 0x00007ffa42a5a000 	C:\WINDOWS\System32\cfgmgr32.dll
0x00007ffa42900000 - 0x00007ffa42911000 	C:\WINDOWS\System32\kernel.appcore.dll
0x00007ffa2ee00000 - 0x00007ffa2ee11000 	C:\Program Files\Java\jdk-11.0.4\bin\verify.dll
0x00007ffa411b0000 - 0x00007ffa413a4000 	C:\WINDOWS\SYSTEM32\DBGHELP.DLL
0x00007ffa380e0000 - 0x00007ffa3810a000 	C:\WINDOWS\SYSTEM32\dbgcore.DLL
0x00007ffa278a0000 - 0x00007ffa278c9000 	C:\Program Files\Java\jdk-11.0.4\bin\java.dll
0x00007ffa27820000 - 0x00007ffa27836000 	C:\Program Files\Java\jdk-11.0.4\bin\zip.dll
0x00007ffa3d070000 - 0x00007ffa3d07a000 	C:\Program Files\Java\jdk-11.0.4\bin\jimage.dll
0x00007ffa442b0000 - 0x00007ffa44995000 	C:\WINDOWS\System32\SHELL32.dll
0x00007ffa44cb0000 - 0x00007ffa44d59000 	C:\WINDOWS\System32\shcore.dll
0x00007ffa42c10000 - 0x00007ffa4338e000 	C:\WINDOWS\System32\windows.storage.dll
0x00007ffa428c0000 - 0x00007ffa428df000 	C:\WINDOWS\System32\profapi.dll
0x00007ffa42920000 - 0x00007ffa4296a000 	C:\WINDOWS\System32\powrprof.dll
0x00007ffa428b0000 - 0x00007ffa428c0000 	C:\WINDOWS\System32\UMPDC.dll
0x00007ffa453d0000 - 0x00007ffa45422000 	C:\WINDOWS\System32\shlwapi.dll
0x00007ffa43870000 - 0x00007ffa43887000 	C:\WINDOWS\System32\cryptsp.dll
0x00007ffa1eec0000 - 0x00007ffa1eed9000 	C:\Program Files\Java\jdk-11.0.4\bin\net.dll
0x00007ffa3a080000 - 0x00007ffa3a170000 	C:\WINDOWS\SYSTEM32\WINHTTP.dll
0x00007ffa2add0000 - 0x00007ffa2afa6000 	C:\WINDOWS\SYSTEM32\urlmon.dll
0x00007ffa2ab20000 - 0x00007ffa2adc6000 	C:\WINDOWS\SYSTEM32\iertutil.dll
0x00007ffa42290000 - 0x00007ffa4229c000 	C:\WINDOWS\SYSTEM32\CRYPTBASE.DLL
0x00007ffa420e0000 - 0x00007ffa42147000 	C:\WINDOWS\system32\mswsock.dll
0x00007ffa1e4e0000 - 0x00007ffa1e4f3000 	C:\Program Files\Java\jdk-11.0.4\bin\nio.dll
0x00007ffa3f100000 - 0x00007ffa3f109000 	C:\Program Files\Java\jdk-11.0.4\bin\management.dll
0x00007ffa3f060000 - 0x00007ffa3f06c000 	C:\Program Files\Java\jdk-11.0.4\bin\management_ext.dll
0x00007ffa22290000 - 0x00007ffa222a6000 	C:\WINDOWS\system32\napinsp.dll
0x00007ffa21890000 - 0x00007ffa218aa000 	C:\WINDOWS\system32\pnrpnsp.dll
0x00007ffa41e40000 - 0x00007ffa41f0a000 	C:\WINDOWS\SYSTEM32\DNSAPI.dll
0x00007ffa44dd0000 - 0x00007ffa44dd8000 	C:\WINDOWS\System32\NSI.dll
0x00007ffa41df0000 - 0x00007ffa41e2a000 	C:\WINDOWS\SYSTEM32\IPHLPAPI.DLL
0x00007ffa21840000 - 0x00007ffa2184e000 	C:\WINDOWS\System32\winrnr.dll
0x00007ffa3e760000 - 0x00007ffa3e77c000 	C:\WINDOWS\system32\NLAapi.dll
0x00007ffa3d4c0000 - 0x00007ffa3d4d5000 	C:\WINDOWS\system32\wshbth.dll
0x00007ffa33430000 - 0x00007ffa3343a000 	C:\Windows\System32\rasadhlp.dll
0x00007ffa385b0000 - 0x00007ffa38627000 	C:\WINDOWS\System32\fwpuclnt.dll
0x00007ffa43a30000 - 0x00007ffa43a56000 	C:\WINDOWS\System32\bcrypt.dll
0x00007ffa41c50000 - 0x00007ffa41c83000 	C:\WINDOWS\system32\rsaenh.dll
0x00007ffa427a0000 - 0x00007ffa427c5000 	C:\WINDOWS\SYSTEM32\USERENV.dll
0x00007ffa38db0000 - 0x00007ffa38dc6000 	C:\WINDOWS\SYSTEM32\dhcpcsvc6.DLL
0x00007ffa3a300000 - 0x00007ffa3a31c000 	C:\WINDOWS\SYSTEM32\dhcpcsvc.DLL

dbghelp: loaded successfully - version: 4.0.5 - missing functions: none
symbol engine: initialized successfully - sym options: 0x614 - pdb path: .;C:\Program Files\Java\jdk-11.0.4\bin;C:\WINDOWS\SYSTEM32;C:\Program Files\AVAST Software\Avast;C:\WINDOWS\WinSxS\amd64_microsoft.windows.common-controls_6595b64144ccf1df_6.0.18362.476_none_e6c4b11b130f2595;C:\Program Files\Java\jdk-11.0.4\bin\server

VM Arguments:
jvm_args: -Dcom.sun.management.jmxremote -Dcom.sun.management.jmxremote.port=58564 -Dcom.sun.management.jmxremote.authenticate=false -Dcom.sun.management.jmxremote.ssl=false -Djava.rmi.server.hostname=localhost -Dspring.jmx.enabled=true -Dspring.application.admin.enabled=true -Xverify:none -XX:TieredStopAtLevel=1 -Dspring.boot.project.name=vacationapi -Dfile.encoding=UTF-8 
java_command: com.esd.vacationapi.VacationapiApplication --spring.output.ansi.enabled=always
java_class_path (initial): C:\ws-sts\vacationapi\target\classes;C:\Users\elton\.m2\repository\org\springframework\boot\spring-boot-starter-web\2.2.1.RELEASE\spring-boot-starter-web-2.2.1.RELEASE.jar;C:\Users\elton\.m2\repository\org\springframework\boot\spring-boot-starter\2.2.1.RELEASE\spring-boot-starter-2.2.1.RELEASE.jar;C:\Users\elton\.m2\repository\org\springframework\boot\spring-boot-starter-logging\2.2.1.RELEASE\spring-boot-starter-logging-2.2.1.RELEASE.jar;C:\Users\elton\.m2\repository\ch\qos\logback\logback-classic\1.2.3\logback-classic-1.2.3.jar;C:\Users\elton\.m2\repository\ch\qos\logback\logback-core\1.2.3\logback-core-1.2.3.jar;C:\Users\elton\.m2\repository\org\apache\logging\log4j\log4j-to-slf4j\2.12.1\log4j-to-slf4j-2.12.1.jar;C:\Users\elton\.m2\repository\org\apache\logging\log4j\log4j-api\2.12.1\log4j-api-2.12.1.jar;C:\Users\elton\.m2\repository\org\slf4j\jul-to-slf4j\1.7.29\jul-to-slf4j-1.7.29.jar;C:\Users\elton\.m2\repository\jakarta\annotation\jakarta.annotation-api\1.3.5\jakarta.annotation-api-1.3.5.jar;C:\Users\elton\.m2\repository\org\yaml\snakeyaml\1.25\snakeyaml-1.25.jar;C:\Users\elton\.m2\repository\org\springframework\boot\spring-boot-starter-json\2.2.1.RELEASE\spring-boot-starter-json-2.2.1.RELEASE.jar;C:\Users\elton\.m2\repository\com\fasterxml\jackson\datatype\jackson-datatype-jdk8\2.10.0\jackson-datatype-jdk8-2.10.0.jar;C:\Users\elton\.m2\repository\com\fasterxml\jackson\datatype\jackson-datatype-jsr310\2.10.0\jackson-datatype-jsr310-2.10.0.jar;C:\Users\elton\.m2\repository\com\fasterxml\jackson\module\jackson-module-parameter-names\2.10.0\jackson-module-parameter-names-2.10.0.jar;C:\Users\elton\.m2\repository\org\springframework\boot\spring-boot-starter-tomcat\2.2.1.RELEASE\spring-boot-starter-tomcat-2.2.1.RELEASE.jar;C:\Users\elton\.m2\repository\org\apache\tomcat\embed\tomcat-embed-core\9.0.27\tomcat-embed-core-9.0.27.jar;C:\Users\elton\.m2\repository\org\apache\tomcat\embed\tomcat-embed-el\9.0.27\tomcat-embed-el-9.0.27.jar;C:\Use
Launcher Type: SUN_STANDARD

[Global flags]
     bool BytecodeVerificationLocal                = false                                     {product} {command line}
     bool BytecodeVerificationRemote               = false                                     {product} {command line}
     intx CICompilerCount                          = 4                                         {product} {ergonomic}
     uint ConcGCThreads                            = 3                                         {product} {ergonomic}
     uint G1ConcRefinementThreads                  = 10                                        {product} {ergonomic}
   size_t G1HeapRegionSize                         = 1048576                                   {product} {ergonomic}
    uintx GCDrainStackTargetSize                   = 64                                        {product} {ergonomic}
   size_t InitialHeapSize                          = 266338304                                 {product} {ergonomic}
     bool ManagementServer                         = true                                      {product} {command line}
   size_t MarkStackSize                            = 4194304                                   {product} {ergonomic}
   size_t MaxHeapSize                              = 4242538496                                {product} {ergonomic}
   size_t MaxNewSize                               = 2544893952                                {product} {ergonomic}
   size_t MinHeapDeltaBytes                        = 1048576                                   {product} {ergonomic}
    uintx NonNMethodCodeHeapSize                   = 7549744                                {pd product} {ergonomic}
    uintx NonProfiledCodeHeapSize                  = 244108496                              {pd product} {ergonomic}
    uintx ProfiledCodeHeapSize                     = 0                                      {pd product} {ergonomic}
    uintx ReservedCodeCacheSize                    = 251658240                              {pd product} {ergonomic}
     bool SegmentedCodeCache                       = true                                      {product} {ergonomic}
     intx TieredStopAtLevel                        = 1                                         {product} {command line}
     bool UseCompressedClassPointers               = true                                 {lp64_product} {ergonomic}
     bool UseCompressedOops                        = true                                 {lp64_product} {ergonomic}
     bool UseG1GC                                  = true                                      {product} {ergonomic}
     bool UseLargePagesIndividualAllocation        = false                                  {pd product} {ergonomic}

Logging:
Log output configuration:
 #0: stdout all=warning uptime,level,tags
 #1: stderr all=off uptime,level,tags

Environment Variables:
JAVA_HOME=C:\Program Files\Java\jdk-11.0.4
PATH=C:/Program Files/Java/jdk-11.0.4/bin/server;C:/Program Files/Java/jdk-11.0.4/bin;C:\Windows\system32;C:\Windows;C:\Windows\System32\Wbem;C:\Windows\System32\WindowsPowerShell\v1.0\;C:\Windows\System32\OpenSSH\;C:\Program Files (x86)\NVIDIA Corporation\PhysX\Common;C:\Program Files\Microsoft SQL Server\120\Tools\Binn\;C:\Program Files\Common Files\Autodesk Shared\;C:\Program Files\dotnet\;C:\Program Files\Microsoft SQL Server\130\Tools\Binn\;C:\Program Files\VDownloader;C:\Program Files\Java\jdk-11.0.4\bin;C:\Program Files (x86)\Intel\Intel(R) Management Engine Components\DAL;C:\Program Files\Intel\Intel(R) Management Engine Components\DAL;C:\WINDOWS\system32;C:\WINDOWS;C:\WINDOWS\System32\Wbem;C:\WINDOWS\System32\WindowsPowerShell\v1.0\;C:\WINDOWS\System32\OpenSSH\;C:\Program Files\MongoDB\Server\4.2\bin;C:\xampp\mysql\bin;C:\Program Files\nodejs\;C:\Program Files\MySQL\MySQL Shell 8.0\bin\;C:\Users\elton\AppData\Local\Microsoft\WindowsApps;C:\Program Files\heroku\bin;C:\Users\elton\AppData\Roaming\npm;C:\Users\elton\AppData\Local\Programs\Microsoft VS Code\bin;C:\Users\elton\.dotnet\tools;C:\xampp\php;;C:\sts-4.3.2.RELEASE;
USERNAME=elton
OS=Windows_NT
PROCESSOR_IDENTIFIER=Intel64 Family 6 Model 158 Stepping 10, GenuineIntel



---------------  S Y S T E M  ---------------

OS: Windows 10 , 64 bit Build 18362 (10.0.18362.329)

CPU:total 12 (initial active 12) (6 cores per cpu, 2 threads per core) family 6 model 158 stepping 10, cmov, cx8, fxsr, mmx, sse, sse2, sse3, ssse3, sse4.1, sse4.2, popcnt, avx, avx2, aes, clmul, erms, 3dnowpref, lzcnt, ht, tsc, tscinvbit, bmi1, bmi2, adx, fma

Memory: 4k page, system-wide physical 16178M (6905M free)
TotalPageFile size 24114M (AvailPageFile size 7814M)
current process WorkingSet (physical memory assigned to process): 191M, peak: 191M
current process commit charge ("private bytes"): 389M, peak: 389M

vm_info: Java HotSpot(TM) 64-Bit Server VM (11.0.4+10-LTS) for windows-amd64 JRE (11.0.4+10-LTS), built on Jul  4 2019 16:28:13 by "mach5one" with MS VC++ 15.5 (VS2017)

END.
